2025-10-17T15:10:39.231Z [ERROR]: Error: 400 - GET /usuarios/0/20 - fail - Invalid pagination parameters - IP: ::1
2025-10-17T15:15:49.405Z [ERROR]: Error: 500 - GET /usuarios/1 - error - operator does not exist: character varying = integer - IP: ::1
2025-10-17T15:16:19.854Z [ERROR]: Error: 500 - GET /usuarios/1 - error - operator does not exist: character varying = integer - IP: ::1
2025-10-17T15:18:58.569Z [ERROR]: Error: 404 - GET /usuarios/delvis - fail - usuario no encontrado - IP: ::1
2025-10-17T15:47:49.472Z [ERROR]: Error: 500 - POST /usuarios/ - error - Cannot destructure property 'usuario' of 'req.body' as it is undefined. - IP: ::1
2025-10-17T15:49:37.541Z [ERROR]: Error: 400 - POST /usuarios/ - fail - Username, email and password are required - IP: ::1
2025-10-17T16:09:40.009Z [ERROR]: Error: 404 - DELETE /usuarios/cliente1 - fail - Usuario no encontrado - IP: ::1
2025-10-18T01:05:35.392Z [ERROR]: Error: 500 - PUT /usuarios/cliente1 - error - Usuario no encontrado - IP: ::1
2025-10-18T01:05:58.160Z [ERROR]: Error: 500 - PUT /usuarios/cliente1 - error - Usuario no encontrado - IP: ::1
2025-10-18T01:07:57.144Z [ERROR]: Error: 400 - PUT /usuarios/cliente1 - fail - El usuario ya existe - IP: ::1
2025-10-18T01:15:06.833Z [ERROR]: Error: 400 - PUT /usuarios/cliente1 - fail - El usuario ya existe - IP: ::1
2025-10-18T01:17:08.665Z [ERROR]: Error: 400 - PUT /usuarios/cliente1 - fail - El usuario ya existe - IP: ::1
2025-10-18T01:19:12.558Z [ERROR]: Error: 400 - POST /usuarios/ - fail - El usuario ya existe - IP: ::1
2025-10-18T01:19:38.536Z [ERROR]: Error: 400 - POST /usuarios/ - fail - El usuario ya existe - IP: ::1
2025-10-18T01:22:14.609Z [ERROR]: Error: 500 - PUT /usuarios/cliente1 - error - insert or update on table "cliente" violates foreign key constraint "cliente_idusuario_fkey" - IP: ::1
2025-10-18T01:22:48.959Z [ERROR]: Error: 500 - PUT /usuarios/cliente1 - error - insert or update on table "cliente" violates foreign key constraint "cliente_idusuario_fkey" - IP: ::1
2025-10-18T01:39:46.820Z [ERROR]: Error: 500 - PUT /usuarios/cliente1 - error - Usuario no encontrado - IP: ::1
2025-10-18T02:18:18.844Z [ERROR]: Error: 500 - PUT /usuarios/hgfdxbcvnmjkuiykgjhvbnjhkyuk - error - Usuario no encontrado - IP: ::1
2025-10-18T02:22:52.138Z [ERROR]: Error: 500 - PUT /usuarios/estadistica - error - Usuario no encontrado - IP: ::1
2025-10-18T02:23:58.994Z [ERROR]: Error: 404 - GET /usuarios/estadistica - fail - Usuario no encontrado - IP: ::1
2025-10-18T02:40:09.832Z [ERROR]: Error: 400 - POST /servicios - fail - Nombre y ID de manicure son campos requeridos - IP: ::1
2025-10-18T02:42:28.919Z [ERROR]: Error: 400 - POST /servicios - fail - Nombre y ID de manicure son campos requeridos - IP: ::1
2025-10-18T02:44:11.086Z [ERROR]: Error: 400 - POST /servicios - fail - El ID de manicure proporcionado no existe - IP: ::1
2025-10-18T02:56:10.779Z [ERROR]: Error: 500 - GET /servicios/1/5 - error - missing FROM-clause entry for table "manicure->usuario" - IP: ::1
2025-10-18T03:09:30.037Z [ERROR]: Error: 404 - DELETE /servicios/2 - fail - Servicio no encontrado - IP: ::1
2025-10-18T03:09:35.883Z [ERROR]: Error: 404 - GET /servicios/2 - fail - Servicio no encontrado - IP: ::1
2025-10-18T15:48:04.884Z [ERROR]: Error: 400 - POST /horario - fail - El horario se solapa con un horario existente - IP: ::1
2025-10-18T15:49:23.932Z [ERROR]: Error: 500 - PUT /horario/1 - error - insert or update on table "horario" violates foreign key constraint "horario_manicureidusuario_fkey" - IP: ::1
2025-10-18T15:49:44.551Z [ERROR]: Error: 400 - POST /horario/ - fail - La manicure especificada no existe - IP: ::1
2025-10-18T15:50:30.243Z [ERROR]: Error: 400 - POST /horario/ - fail - La manicure especificada no existe - IP: ::1
2025-10-18T15:51:13.956Z [ERROR]: Error: 400 - POST /horario/ - fail - La manicure especificada no existe - IP: ::1
2025-10-18T15:51:23.370Z [ERROR]: Error: 400 - PUT /horario/1 - fail - La manicure especificada no existe - IP: ::1
2025-10-18T16:07:45.126Z [ERROR]: Error: 500 - GET /reservacion - error - Usuario is not associated to Horario! - IP: ::1
2025-10-19T02:05:24.561Z [ERROR]: Error: 400 - POST /reservacion - fail - Todos los campos obligatorios son requeridos - IP: ::1
2025-10-19T02:05:31.388Z [ERROR]: Error: 400 - POST /reservacion - fail - Formato de fecha inválido. Use YYYY-MM-DD - IP: ::1
2025-10-19T02:06:12.849Z [ERROR]: Error: 400 - POST /reservacion - fail - Formato de fecha inválido. Use YYYY-MM-DD - IP: ::1
2025-10-19T02:06:24.653Z [ERROR]: Error: 400 - POST /reservacion - fail - El cliente especificado no existe - IP: ::1
2025-10-19T02:06:37.343Z [ERROR]: Error: 400 - POST /reservacion - fail - El servicio especificado no existe - IP: ::1
2025-10-19T02:10:35.364Z [ERROR]: Error: 404 - PUT /reservacion/1 - fail - Reservación no encontrada - IP: ::1
2025-10-19T02:11:15.516Z [ERROR]: Error: 500 - PUT /reservacion/pendiente - error - column "nan" does not exist - IP: ::1
2025-10-19T02:11:27.453Z [ERROR]: Error: 500 - GET /reservacion - error - Usuario is not associated to Horario! - IP: ::1
2025-10-19T02:12:41.590Z [ERROR]: Error: 500 - GET /reservacion - error - Usuario is not associated to Horario! - IP: ::1
2025-10-19T02:17:04.274Z [ERROR]: Error: 500 - GET /reservacion - error - Usuario is not associated to Horario! - IP: ::1
2025-10-19T02:17:54.545Z [ERROR]: Error: 500 - GET /reservacion - error - Usuario is not associated to Horario! - IP: ::1
2025-10-19T02:18:31.703Z [ERROR]: Error: 500 - GET /reservacion - error - Usuario is not associated to Horario! - IP: ::1
